<?xml version="1.0" encoding="UTF-8"?>
<testng-results ignored="0" total="2" passed="2" failed="0" skipped="0">
  <reporter-output>
  </reporter-output>
  <suite started-at="2023-04-18T11:49:10 PDT" name="Default suite" finished-at="2023-04-18T11:49:50 PDT" duration-ms="39453">
    <groups>
      <group name="cucumber">
        <method signature="AbstractTestNGCucumberTests.runScenario(io.cucumber.testng.PickleWrapper,io.cucumber.testng.FeatureWrapper)[pri:0, instance:testRunner.TestRun@127f9161]" name="runScenario" class="io.cucumber.testng.AbstractTestNGCucumberTests"/>
      </group> <!-- cucumber -->
    </groups>
    <test started-at="2023-04-18T11:49:10 PDT" name="Default test" finished-at="2023-04-18T11:49:50 PDT" duration-ms="39453">
      <class name="testRunner.TestRun">
        <test-method is-config="true" signature="setUpClass(org.testng.ITestContext)[pri:0, instance:testRunner.TestRun@127f9161]" started-at="2023-04-18T11:49:10 PDT" name="setUpClass" finished-at="2023-04-18T11:49:14 PDT" duration-ms="3230" status="PASS">
          <params>
            <param index="0">
              <value>
                <![CDATA[org.testng.TestRunner@7cb13e56]]>
              </value>
            </param>
          </params>
          <reporter-output>
          </reporter-output>
        </test-method> <!-- setUpClass -->
        <test-method signature="runScenario(io.cucumber.testng.PickleWrapper,io.cucumber.testng.FeatureWrapper)[pri:0, instance:testRunner.TestRun@127f9161]" started-at="2023-04-18T11:49:14 PDT" name="runScenario" description="Runs Cucumber Scenarios" data-provider="scenarios" finished-at="2023-04-18T11:49:35 PDT" duration-ms="20887" status="PASS">
          <params>
            <param index="0">
              <value>
                <![CDATA["User validate DataStructures-Introduction and Time Complexity page"]]>
              </value>
            </param>
            <param index="1">
              <value>
                <![CDATA["DataStructures Introduction"]]>
              </value>
            </param>
          </params>
          <reporter-output>
          </reporter-output>
        </test-method> <!-- runScenario -->
        <test-method signature="runScenario(io.cucumber.testng.PickleWrapper,io.cucumber.testng.FeatureWrapper)[pri:0, instance:testRunner.TestRun@127f9161]" started-at="2023-04-18T11:49:35 PDT" name="runScenario" description="Runs Cucumber Scenarios" data-provider="scenarios" finished-at="2023-04-18T11:49:46 PDT" duration-ms="11462" status="PASS">
          <params>
            <param index="0">
              <value>
                <![CDATA["User validate DataStructures-Introduction and Time Complexity page with wrong python code"]]>
              </value>
            </param>
            <param index="1">
              <value>
                <![CDATA["DataStructures Introduction"]]>
              </value>
            </param>
          </params>
          <reporter-output>
          </reporter-output>
        </test-method> <!-- runScenario -->
        <test-method is-config="true" signature="tearDownClass()[pri:0, instance:testRunner.TestRun@127f9161]" started-at="2023-04-18T11:49:46 PDT" name="tearDownClass" finished-at="2023-04-18T11:49:50 PDT" duration-ms="3720" status="PASS">
          <reporter-output>
          </reporter-output>
        </test-method> <!-- tearDownClass -->
      </class> <!-- testRunner.TestRun -->
    </test> <!-- Default test -->
  </suite> <!-- Default suite -->
</testng-results>
