<?xml version="1.0" encoding="UTF-8"?>
<!-- Generated by org.testng.reporters.JUnitReportReporter -->
<testsuite hostname="DESKTOP-H8U33OQ" failures="1" tests="64" name="testRunner.TestRun" time="565.709" errors="1" timestamp="2023-04-16T07:28:13 PDT" skipped="0">
  <testcase classname="testRunner.TestRun" name="runScenario" time="9.662"/>
  <system-out/>
  <testcase classname="testRunner.TestRun" name="runScenario" time="13.239"/>
  <system-out/>
  <testcase classname="testRunner.TestRun" name="runScenario" time="10.092"/>
  <system-out/>
  <testcase classname="testRunner.TestRun" name="runScenario" time="7.311"/>
  <system-out/>
  <testcase classname="testRunner.TestRun" name="runScenario" time="13.445"/>
  <system-out/>
  <testcase classname="testRunner.TestRun" name="runScenario" time="7.394"/>
  <system-out/>
  <testcase classname="testRunner.TestRun" name="runScenario" time="6.201"/>
  <system-out/>
  <testcase classname="testRunner.TestRun" name="runScenario" time="5.750"/>
  <system-out/>
  <testcase classname="testRunner.TestRun" name="runScenario" time="9.179"/>
  <system-out/>
  <testcase classname="testRunner.TestRun" name="runScenario" time="10.200"/>
  <system-out/>
  <testcase classname="testRunner.TestRun" name="runScenario" time="9.823"/>
  <system-out/>
  <testcase classname="testRunner.TestRun" name="runScenario" time="7.602"/>
  <system-out/>
  <testcase classname="testRunner.TestRun" name="runScenario" time="10.096"/>
  <system-out/>
  <testcase classname="testRunner.TestRun" name="runScenario" time="4.867">
    <failure message="expected [Please fill out this field.] but found []" type="java.lang.AssertionError">
      <![CDATA[java.lang.AssertionError: expected [Please fill out this field.] but found []
at org.testng.Assert.fail(Assert.java:110)
at org.testng.Assert.failNotEquals(Assert.java:1577)
at org.testng.Assert.assertEqualsImpl(Assert.java:149)
at org.testng.Assert.assertEquals(Assert.java:131)
at org.testng.Assert.assertEquals(Assert.java:655)
at org.testng.Assert.assertEquals(Assert.java:665)
at stepDefinitions.RegisterSteps.it_should_display_an_error(RegisterSteps.java:68)
at ✽.It should display an error "Please fill out this field."(file:///C:/Users/Shoban/eclipse-workspace/DsAlgoProject/src/test/resources/Features/RegisterPage.feature:26)
]]>
    </failure>
  </testcase> <!-- runScenario -->
  <system-out/>
  <testcase classname="testRunner.TestRun" name="runScenario" time="10.168"/>
  <system-out/>
  <testcase classname="testRunner.TestRun" name="runScenario" time="9.684"/>
  <system-out/>
  <testcase classname="testRunner.TestRun" name="runScenario" time="5.247"/>
  <system-out/>
  <testcase classname="testRunner.TestRun" name="runScenario" time="9.921"/>
  <system-out/>
  <testcase classname="testRunner.TestRun" name="runScenario" time="10.123"/>
  <system-out/>
  <testcase classname="testRunner.TestRun" name="runScenario" time="7.653"/>
  <system-out/>
  <testcase classname="testRunner.TestRun" name="runScenario" time="9.629"/>
  <system-out/>
  <testcase classname="testRunner.TestRun" name="runScenario" time="7.573"/>
  <system-out/>
  <testcase classname="testRunner.TestRun" name="runScenario" time="9.806"/>
  <system-out/>
  <testcase classname="testRunner.TestRun" name="runScenario" time="8.336"/>
  <system-out/>
  <testcase classname="testRunner.TestRun" name="runScenario" time="7.708"/>
  <system-out/>
  <testcase classname="testRunner.TestRun" name="runScenario" time="4.324"/>
  <system-out/>
  <testcase classname="testRunner.TestRun" name="runScenario" time="8.026"/>
  <system-out/>
  <testcase classname="testRunner.TestRun" name="runScenario" time="6.180"/>
  <system-out/>
  <testcase classname="testRunner.TestRun" name="runScenario" time="7.985"/>
  <system-out/>
  <testcase classname="testRunner.TestRun" name="runScenario" time="10.132"/>
  <system-out/>
  <testcase classname="testRunner.TestRun" name="runScenario" time="10.086"/>
  <system-out/>
  <testcase classname="testRunner.TestRun" name="runScenario" time="9.939"/>
  <system-out/>
  <testcase classname="testRunner.TestRun" name="runScenario" time="6.076"/>
  <system-out/>
  <testcase classname="testRunner.TestRun" name="runScenario" time="9.993"/>
  <system-out/>
  <testcase classname="testRunner.TestRun" name="runScenario" time="6.058"/>
  <system-out/>
  <testcase classname="testRunner.TestRun" name="runScenario" time="4.387"/>
  <system-out/>
  <testcase classname="testRunner.TestRun" name="runScenario" time="4.123"/>
  <system-out/>
  <testcase classname="testRunner.TestRun" name="runScenario" time="7.700"/>
  <system-out/>
  <testcase classname="testRunner.TestRun" name="runScenario" time="4.710"/>
  <system-out/>
  <testcase classname="testRunner.TestRun" name="runScenario" time="26.537"/>
  <system-out/>
  <testcase classname="testRunner.TestRun" name="runScenario" time="9.859"/>
  <system-out/>
  <testcase classname="testRunner.TestRun" name="runScenario" time="8.102"/>
  <system-out/>
  <testcase classname="testRunner.TestRun" name="runScenario" time="9.907"/>
  <system-out/>
  <testcase classname="testRunner.TestRun" name="runScenario" time="7.606"/>
  <system-out/>
  <testcase classname="testRunner.TestRun" name="runScenario" time="5.985"/>
  <system-out/>
  <testcase classname="testRunner.TestRun" name="runScenario" time="6.106"/>
  <system-out/>
  <testcase classname="testRunner.TestRun" name="runScenario" time="4.080"/>
  <system-out/>
  <testcase classname="testRunner.TestRun" name="runScenario" time="9.481"/>
  <system-out/>
  <testcase classname="testRunner.TestRun" name="runScenario" time="9.632"/>
  <system-out/>
  <testcase classname="testRunner.TestRun" name="runScenario" time="7.743"/>
  <system-out/>
  <testcase classname="testRunner.TestRun" name="runScenario" time="9.592"/>
  <system-out/>
  <testcase classname="testRunner.TestRun" name="runScenario" time="4.407"/>
  <system-out/>
  <testcase classname="testRunner.TestRun" name="runScenario" time="9.970"/>
  <system-out/>
  <testcase classname="testRunner.TestRun" name="runScenario" time="13.142"/>
  <system-out/>
  <testcase classname="testRunner.TestRun" name="runScenario" time="9.662"/>
  <system-out/>
  <testcase classname="testRunner.TestRun" name="runScenario" time="8.443"/>
  <system-out/>
  <testcase classname="testRunner.TestRun" name="runScenario" time="13.319"/>
  <system-out/>
  <testcase classname="testRunner.TestRun" name="runScenario" time="16.445">
    <error message="no such element: Unable to locate element: {&quot;method&quot;:&quot;xpath&quot;,&quot;selector&quot;:&quot;//a[contains(text(),&#039;Sign out&#039;)]&quot;}
  (Session info: chrome=112.0.5615.87)
For documentation on this error, please visit: https://selenium.dev/exceptions/#no_such_element
Build info: version: &#039;4.8.1&#039;, revision: &#039;8ebccac989&#039;
System info: os.name: &#039;Windows 10&#039;, os.arch: &#039;amd64&#039;, os.version: &#039;10.0&#039;, java.version: &#039;19.0.2&#039;
Driver info: org.openqa.selenium.chrome.ChromeDriver
Command: [9bae83c1ca0ac5ee76e9245f08cd3e6d, findElement {using=xpath, value=//a[contains(text(),&#039;Sign out&#039;)]}]
Capabilities {acceptInsecureCerts: false, browserName: chrome, browserVersion: 112.0.5615.87, chrome: {chromedriverVersion: 112.0.5615.49 (bd2a7bcb881c..., userDataDir: C:\Users\Shoban\AppData\Loc...}, goog:chromeOptions: {debuggerAddress: localhost:57521}, networkConnectionEnabled: false, pageLoadStrategy: normal, platformName: WINDOWS, proxy: Proxy(), se:cdp: ws://localhost:57521/devtoo..., se:cdpVersion: 112.0.5615.87, setWindowRect: true, strictFileInteractability: false, timeouts: {implicit: 0, pageLoad: 300000, script: 30000}, unhandledPromptBehavior: dismiss and notify, webauthn:extension:credBlob: true, webauthn:extension:largeBlob: true, webauthn:extension:minPinLength: true, webauthn:extension:prf: true, webauthn:virtualAuthenticators: true}
Session ID: 9bae83c1ca0ac5ee76e9245f08cd3e6d" type="org.openqa.selenium.NoSuchElementException">
      <![CDATA[org.openqa.selenium.NoSuchElementException: no such element: Unable to locate element: {"method":"xpath","selector":"//a[contains(text(),'Sign out')]"}
  (Session info: chrome=112.0.5615.87)
For documentation on this error, please visit: https://selenium.dev/exceptions/#no_such_element
Build info: version: '4.8.1', revision: '8ebccac989'
System info: os.name: 'Windows 10', os.arch: 'amd64', os.version: '10.0', java.version: '19.0.2'
Driver info: org.openqa.selenium.chrome.ChromeDriver
Command: [9bae83c1ca0ac5ee76e9245f08cd3e6d, findElement {using=xpath, value=//a[contains(text(),'Sign out')]}]
Capabilities {acceptInsecureCerts: false, browserName: chrome, browserVersion: 112.0.5615.87, chrome: {chromedriverVersion: 112.0.5615.49 (bd2a7bcb881c..., userDataDir: C:\Users\Shoban\AppData\Loc...}, goog:chromeOptions: {debuggerAddress: localhost:57521}, networkConnectionEnabled: false, pageLoadStrategy: normal, platformName: WINDOWS, proxy: Proxy(), se:cdp: ws://localhost:57521/devtoo..., se:cdpVersion: 112.0.5615.87, setWindowRect: true, strictFileInteractability: false, timeouts: {implicit: 0, pageLoad: 300000, script: 30000}, unhandledPromptBehavior: dismiss and notify, webauthn:extension:credBlob: true, webauthn:extension:largeBlob: true, webauthn:extension:minPinLength: true, webauthn:extension:prf: true, webauthn:virtualAuthenticators: true}
Session ID: 9bae83c1ca0ac5ee76e9245f08cd3e6d
at java.base/jdk.internal.reflect.DirectConstructorHandleAccessor.newInstance(DirectConstructorHandleAccessor.java:67)
at java.base/java.lang.reflect.Constructor.newInstanceWithCaller(Constructor.java:500)
at java.base/java.lang.reflect.Constructor.newInstance(Constructor.java:484)
at org.openqa.selenium.remote.codec.w3c.W3CHttpResponseCodec.createException(W3CHttpResponseCodec.java:200)
at org.openqa.selenium.remote.codec.w3c.W3CHttpResponseCodec.decode(W3CHttpResponseCodec.java:133)
at org.openqa.selenium.remote.codec.w3c.W3CHttpResponseCodec.decode(W3CHttpResponseCodec.java:53)
at org.openqa.selenium.remote.HttpCommandExecutor.execute(HttpCommandExecutor.java:184)
at org.openqa.selenium.remote.service.DriverCommandExecutor.invokeExecute(DriverCommandExecutor.java:167)
at org.openqa.selenium.remote.service.DriverCommandExecutor.execute(DriverCommandExecutor.java:142)
at org.openqa.selenium.remote.RemoteWebDriver.execute(RemoteWebDriver.java:543)
at org.openqa.selenium.remote.ElementLocation$ElementFinder$2.findElement(ElementLocation.java:162)
at org.openqa.selenium.remote.ElementLocation.findElement(ElementLocation.java:60)
at org.openqa.selenium.remote.RemoteWebDriver.findElement(RemoteWebDriver.java:352)
at org.openqa.selenium.remote.RemoteWebDriver.findElement(RemoteWebDriver.java:344)
at stepDefinitions.SigninSteps.user_gets_success_message_you_are_logged_in(SigninSteps.java:49)
at ✽.User gets success message as you are logged in(file:///C:/Users/Shoban/eclipse-workspace/DsAlgoProject/src/test/resources/Features/SigninPage.feature:11)
]]>
    </error>
  </testcase> <!-- runScenario -->
  <system-out/>
  <testcase classname="testRunner.TestRun" name="runScenario" time="9.950"/>
  <system-out/>
  <testcase classname="testRunner.TestRun" name="runScenario" time="9.787"/>
  <system-out/>
  <testcase classname="testRunner.TestRun" name="runScenario" time="6.212"/>
  <system-out/>
  <testcase classname="testRunner.TestRun" name="runScenario" time="9.783"/>
  <system-out/>
  <testcase classname="testRunner.TestRun" name="runScenario" time="9.773"/>
  <system-out/>
  <testcase classname="testRunner.TestRun" name="runScenario" time="9.758"/>
  <system-out/>
</testsuite> <!-- testRunner.TestRun -->
